4000000
32768
0
DOT
DESIGN 1
Total Time: 5698.418635 seconds
[2823038  744032  351238 1025571   83474 2504450 1503958 3354735 2823126
 1198997]
DESIGN 2
Total Time: 5446.818601 seconds
[2823038  744032  351238 1025571   83474 2504450 1503958 3354735 2823126
 1198997]


4000000
32768
0
DOT
CPU
Total Time: 16348.783992 seconds
[2823038  744032  351238 1025571   83474 2504450 1503958 3354735 2823126
 1198997]
1
DOT
CPU
Total Time: 17584.943080 seconds
[2823038  744032  351238 1025571   83474 2504450 1503958 3354735 2823126
 1198997]
