4000
2
0
COSINE
DESIGN 1
Total Time: 0.808630 seconds
[3464 3838 2953 1685 1074 866  920  178 331 1685]
CPU
Total Time: 0.001213 seconds
[1685  178  866  920 1074 3464 2953  331 3838 2830]
1
COSINE
DESIGN 1
Total Time: 0.003193 seconds
[3464 3838 2953 1685 1074 866  920  178 331 1685]
CPU
Total Time: 0.000882 seconds
[1685  178  866  920 1074 3464 2953  331 3838 2830]
0
DOT
DESIGN 1
Total Time: 0.015124 seconds
[ 978  807 2498 3445  3611 1152  104 2578 1447 1260]
CPU
Total Time: 0.000813 seconds
[1447  104 3445 1152  807 2498 3611  978 1260 2578]
1
DOT
DESIGN 1
Total Time: 0.002219 seconds
[ 978  807 2498 3445  3611 1152  104 2578 1447 1260]
CPU
Total Time: 0.000606 seconds
[1447  104 3445 1152  807 2498 3611  978 1260 2578]
0
manhattan
DESIGN 1
Total Time: 0.011431 seconds
[1450 1531 3920 3395  331 2785  2264 1377  3409 3800]
CPU
Total Time: 0.000657 seconds
[ 331 2785 2264 3409 3920 1531 1450 1377 3800 3395]
1
manhattan
DESIGN 1
Total Time: 0.002186 seconds
[1450 1531 3920 3395  331 2785  2264 1377  3409 3800]
CPU
Total Time: 0.000644 seconds
[ 331 2785 2264 3409 3920 1531 1450 1377 3800 3395]
0
l2
DESIGN 1
Total Time: 0.011031 seconds
[3409 2264 2007 3920  331 2785 3395 1531  1450 1377]
CPU
Total Time: 0.000593 seconds
[ 331 2785 3409 2264 3920 1531 1377 3395 1450 2007]
1
l2
DESIGN 1
Total Time: 0.002276 seconds
[3409 2264 2007 3920  331 2785 3395 1531  1450 1377]
CPU
Total Time: 0.000737 seconds
[ 331 2785 3409 2264 3920 1531 1377 3395 1450 2007]
