4000000
2
0
COSINE
DESIGN 1
Total Time: 1.009702 seconds
[3023450 3694733  942311 251542 117347 3497381 3719335 1780460 2117434
  991471]
CPU
Total Time: 1.017329 seconds
[3023450 1780460 3694733  942311 3497381 2117434  251542  991471 3719335
  117347]
1
COSINE
DESIGN 1
Total Time: 0.211912 seconds
[3023450 3694733  942311 251542 117347 3497381 3719335 1780460 2117434
  991471]
CPU
Total Time: 0.925601 seconds
[3023450 1780460 3694733  942311 3497381 2117434  251542  991471 3719335
  117347]
0
DOT
DESIGN 1
Total Time: 0.174186 seconds
[3126652  137190  700269  703965  596987  3470351 1023111 3868328 2600786
  3286075]
CPU
Total Time: 0.749683 seconds
[3868328  596987 2600786 3286075 3470351  703965  700269  137190 3126652
 1023111]
1
DOT
DESIGN 1
Total Time: 0.148909 seconds
[3126652  137190  700269  703965  596987  3470351 1023111 3868328 2600786
  3286075]
CPU
Total Time: 0.691607 seconds
[3868328  596987 2600786 3286075 3470351  703965  700269  137190 3126652
 1023111]
0
manhattan
DESIGN 1
Total Time: 0.166830 seconds
[2311780  311614  657397 3500077 1797743  3654509 465706 3211206  103337
 2647048]
CPU
Total Time: 0.769681 seconds
[2311780 3654509 3211206  103337 2647048  465706  657397 3500077 1797743
  311614]
1
manhattan
DESIGN 1
Total Time: 0.149815 seconds
[2311780  311614  657397 3500077 1797743  3654509 465706 3211206  103337
 2647048]
CPU
Total Time: 0.741569 seconds
[2311780 3654509 3211206  103337 2647048  465706  657397 3500077 1797743
  311614]
0
l2
DESIGN 1
Total Time: 0.160752 seconds
[2311780 1797743 3654509 657397 3540038 1468358 3500077 3211206 103337
 2647048]
CPU
Total Time: 0.730604 seconds
[2311780 3654509  103337 2647048 3211206  657397 3540038 1468358 3500077
 1797743]
1
l2
DESIGN 1
Total Time: 0.158420 seconds
[2311780 1797743 3654509 657397 3540038 1468358 3500077 3211206 103337
 2647048]
CPU
Total Time: 0.742822 seconds
[2311780 3654509  103337 2647048 3211206  657397 3540038 1468358 3500077
 1797743]
