4000
32768
0
COSINE
DESIGN 1
Total Time: 12.660565 seconds
[2431 3671 3168  811  343 3740 3441 2848 1773 1266]
DESIGN 2
Total Time: 0.440724 seconds
[3671 2431 3168  811  343 3441 3740 1773 2848 1266]
CPU
Total Time: 1.831705 seconds
[2431 3671 3168  811  343 3740 3441 2848 1773 1266]
1
COSINE
DESIGN 1
Total Time: 0.376499 seconds
[2431 3671 3168  811  343 3740 3441 2848 1773 1266]
DESIGN 2
Total Time: 0.364490 seconds
[3671 2431 3168  811  343 3441 3740 1773 2848 1266]
CPU
Total Time: 1.393536 seconds
[2431 3671 3168  811  343 3740 3441 2848 1773 1266]
0
DOT
DESIGN 1
Total Time: 0.473830 seconds
[1355 3896 2271 3280 3631 3187  218 2433 2071 3459]
DESIGN 2
Total Time: 0.350749 seconds
[1355 3896 2271 3280 3631 3187  218 2433 2071 3459]
CPU
Total Time: 0.707063 seconds
[1355 3896 2271 3280 3631 3187  218 2433 2071 3459]
1
DOT
DESIGN 1
Total Time: 0.342783 seconds
[1355 3896 2271 3280 3631 3187  218 2433 2071 3459]
DESIGN 2
Total Time: 0.354717 seconds
[1355 3896 2271 3280 3631 3187  218 2433 2071 3459]
CPU
Total Time: 0.911144 seconds
[1355 3896 2271 3280 3631 3187  218 2433 2071 3459]
0
manhattan
DESIGN 1
Total Time: 0.651980 seconds
[1266 3168 3671 3740 2431 2037 1119 1003 1914 2209]
DESIGN 2
Total Time: 0.371689 seconds
[1266 3168 3671 3740 2431 2037 1119 1003 1914 2209]
CPU
Total Time: 1.571596 seconds
[1266 3168 3671 3740 2431 2037 1119 1003 1914 2209]
1
manhattan
DESIGN 1
Total Time: 0.408188 seconds
[1266 3168 3671 3740 2431 2037 1119 1003 1914 2209]
DESIGN 2
Total Time: 0.358335 seconds
[1266 3168 3671 3740 2431 2037 1119 1003 1914 2209]
CPU
Total Time: 1.591052 seconds
[1266 3168 3671 3740 2431 2037 1119 1003 1914 2209]
0
l2
DESIGN 1
Total Time: 0.657962 seconds
[3671 3168 2431 3441 1266  395  811 3728 1661 3740]
DESIGN 2
Total Time: 0.378844 seconds
[3671 3168 2431 3441 1266  395  811 3728 1661 3740]
CPU
Total Time: 0.872175 seconds
[3671 3168 2431 3441 1266  395  811 3728 1661 3740]
1
l2
DESIGN 1
Total Time: 0.613303 seconds
[3671 3168 2431 3441 1266  395  811 3728 1661 3740]
DESIGN 2
Total Time: 0.359544 seconds
[3671 3168 2431 3441 1266  395  811 3728 1661 3740]
CPU
Total Time: 0.871025 seconds
[3671 3168 2431 3441 1266  395  811 3728 1661 3740]
