4000000
32768
0
DESIGN 1
Total Time: 9492.255768 seconds
[    222   25630   33764 1697461  299415  585118 1358030 3488878 1939723
  426419]
DESIGN 2
Total Time: 5441.679427 seconds
[    222   33764   25630 1697461  299415  585118 1358030 3488878 1939723
  426419]
1
L2
DESIGN 1
Total Time: 7111.486109 seconds
[    222 1939723   25630 1697461 1642412 2543380 2093506 1358030   33764
  585118]
DESIGN 2
Total Time: 7074.363409 seconds
[    222 1939723   25630 1697461 1642412 2543380 2093506 1358030   33764
  585118]
2
L2
DESIGN 1
Total Time: 7158.982451 seconds
[    222 1939723   25630 1697461 1642412 2543380 2093506 1358030   33764
  585118]
DESIGN 2
Total Time: 6648.800534 seconds
[    222 1939723   25630 1697461 1642412 2543380 2093506 1358030   33764
  585118]

4000000
32768
0
L2
CPU
Total Time: 17044.653474 seconds
[    222 1939723   25630 1697461 1642412 2543380 2093506 1358030   33764
  585118]
1
L2
CPU
Total Time: 17584.847588 seconds
[    222 1939723   25630 1697461 1642412 2543380 2093506 1358030   33764
  585118]