4000000
32768
0
DESIGN 1
Total Time: 5304.335026 seconds
[    222 2543380 1697461 1939723 1642412 3738610  879430 3259491 1327282
   33764]
DESIGN 2
Total Time: 5025.851452 seconds
[    222 2543380 1697461 1939723 1642412 3738610  879430 3259491 1327282
   33764]
2


4000000
32768
0
MANHATTAN
CPU
Total Time: 16705.068915 seconds
[    222 2543380 1697461 1939723 1642412 3738610  879430 3259491 1327282
   33764]
1
MANHATTAN
CPU
Total Time: 17584.942331 seconds
[    222 2543380 1697461 1939723 1642412 3738610  879430 3259491 1327282
   33764]
