4000000
32768
0
DESIGN 1
Total Time: 8636.994313 seconds
[    222   25630   33764 1697461  299415  585118 1358030 3488878 1939723
  426419]
DESIGN 2
Total Time: 7076.470236 seconds
[    222   33764   25630 1697461  299415  585118 1358030 3488878 1939723
  426419]
DESIGN 1
Total Time: 9430.549843 seconds
[    222   25630   33764 1697461  299415  585118 1358030 3488878 1939723
  426419]
DESIGN 2
Total Time: 8301.865957 seconds
[    222   33764   25630 1697461  299415  585118 1358030 3488878 1939723
  426419]

4000000
32768
COSINE
CPU
Total Time: 25596.235946 seconds
[    222   25630   33764 1697461  299415  585118 1358030 3488878 1939723
  426419]
