2

Time: 0.5026705265 secs
1.6681402
Time: 1.2371499538 secs
1.66814
Time: 0.0210032463 secs
1.6681402

Time: 0.0000863075 secs
1.6681402
Time: 0.0006833076 secs
1.66814
Time: 0.0003919601 secs
1.6681402

Time: 0.0000560284 secs
1.6681402
Time: 0.0006074905 secs
1.66814
Time: 0.0003793240 secs
1.6681402

1024

Time: 0.0000784397 secs
43.91476
Time: 0.0007796288 secs
43.91476
Time: 0.0004253387 secs
43.91476

Time: 0.0000686646 secs
43.91476
Time: 0.0004849434 secs
43.91476
Time: 0.0003275871 secs
43.91476

Time: 0.0000505447 secs
43.91476
Time: 0.0004639626 secs
43.91476
Time: 0.0003066063 secs
43.91476

32768

Time: 0.0001447201 secs
256.40305
Time: 0.0008575916 secs
256.40305
Time: 0.0003573895 secs
256.40305

Time: 0.0001301765 secs
256.40305
Time: 0.0005495548 secs
256.40305
Time: 0.0003516674 secs
256.40305

Time: 0.0001122952 secs
256.40305
Time: 0.0005192757 secs
256.40305
Time: 0.0003435612 secs
256.40305

1048576

Time: 0.0033547878 secs
1449.653
Time: 0.0090491772 secs
1449.6531
Time: 0.0047307014 secs
1449.6531

Time: 0.0028715134 secs
1449.653
Time: 0.0019340515 secs
1449.6531
Time: 0.0014405251 secs
1449.6531

Time: 0.0028398037 secs
1449.653
Time: 0.0019493103 secs
1449.6531
Time: 0.0014343262 secs
1449.6531
