2
Time: 0.6126091480 secs
1.8122685
Time: 0.0001416206 secs
1.8122685
Time: 0.0081012249 secs
1.8122685

Time: 0.0003881454 secs
1.8122685
Time: 0.0000343323 secs
1.8122685
Time: 0.0002975464 secs
1.8122685

Time: 0.0003805161 secs
1.8122685
Time: 0.0000376701 secs
1.8122685
Time: 0.0003523827 secs
1.8122685

1024
Time: 0.0004801750 secs
1113.4556
Time: 0.0000572205 secs
1113.4556
Time: 0.0003523827 secs
1113.4556

Time: 0.0003645420 secs
1113.4556
Time: 0.0000436306 secs
1113.4556
Time: 0.0003540516 secs
1113.4556

Time: 0.0003626347 secs
1113.4556
Time: 0.0000426769 secs
1113.4556
Time: 0.0003383160 secs
1113.4556

32768
Time: 0.0007536411 secs
37030.64
Time: 0.0002312660 secs
37030.637
Time: 0.0004122257 secs
37030.63

Time: 0.0003886223 secs
37030.64
Time: 0.0000939369 secs
37030.637
Time: 0.0003316402 secs
37030.633

Time: 0.0003709793 secs
37030.64
Time: 0.0001032352 secs
37030.637
Time: 0.0003254414 secs
37030.625

1048576
Time: 0.0143587589 secs
1184759.6
Time: 0.0060491562 secs
1184759.8
Time: 0.0061705112 secs
1184760.4

Time: 0.0017244816 secs
1184759.6
Time: 0.0027337074 secs
1184759.8
Time: 0.0021498203 secs
1184760.4

Time: 0.0018119812 secs
1184759.6
Time: 0.0029745102 secs
1184759.8
Time: 0.0018739700 secs
1184760.8
