
Benchmark - CPU vs GPU Performance
 N       | D        | Function              | CPU Time (s)  | GPU Time (s)  | Speedup 
----------------------------------------------------------------------------------------------------
Recall ANN vs KNN: 0.00%
4000     | 2        | Manhattan Distance   | 0.000149     | 0.00821690559387207 | 0.01814056325114177
4000     | 2        | KNN                  | 0.003570     | 0.0001682281494140625 | 21.22108843537415
4000     | 2        | K-Means              | 0.074021     | 0.0026160717010498048 | 28.29486174653227
4000     | 2        | ANN                  | 0.003584     | 0.003338193893432617 | 1.073549787878355
4000000  | 2        | KNN                  | 0.304405     | 0.15510826110839843 | 1.9625344620235263
Recall ANN vs KNN: 0.00%
4000     | 1024     | Manhattan Distance   | 0.000052     | 0.00011873245239257812 | 0.44216867469879517
4000     | 1024     | KNN                  | 0.002905     | 0.0005860328674316406 | 4.956956875508544
4000     | 1024     | K-Means              | 0.006401     | 0.0038663387298583985 | 1.6555998174709865
4000     | 1024     | ANN                  | 0.133980     | 0.07889065742492676 | 1.698304640132684
4000000  | 1024     | KNN                  | 56.601281    | 0.685552978515625 | 82.56295760309737
Recall ANN vs KNN: 0.00%
4000     | 32768    | Manhattan Distance   | 0.000156     | 0.00012750625610351561 | 1.224008975317876
4000     | 32768    | KNN                  | 0.093696     | 0.016820526123046874 | 5.570338368031932
4000     | 32768    | K-Means              | 0.185110     | 0.081203031539917 | 2.2795958310015965
4000     | 32768    | ANN                  | 1.204238     | 0.11035351753234864 | 10.912550377417434
4000000  | 32768    | KNN                  | 2953.674707  | 20.58903274536133 | 143.4586434063019
