BASELINE

Rate: 5
Total Requests: 5
Successful Requests: 5
Failed Requests: 0
Latencies: [2.26249098777771, 2.2945072650909424, 2.3116655349731445, 2.2977066040039062, 2.2728500366210938] seconds
Throughput: 0.4371 requests/second
--------------------------------------------------
Rate: 10
Total Requests: 10
Successful Requests: 10
Failed Requests: 0
Latencies: [4.5333251953125, 4.371723651885986, 4.45307731628418, 4.390012502670288, 4.397844076156616, 4.524817705154419, 4.518982648849487, 4.542311191558838, 4.5599329471588135, 4.5564024448394775] seconds
Throughput: 0.2230 requests/second
--------------------------------------------------
Rate: 20
Total Requests: 20
Successful Requests: 20
Failed Requests: 0
Latencies: [8.631568670272827, 8.58537244796753, 8.528330087661743, 8.45332407951355, 7.850563049316406, 8.639732122421265, 8.698887825012207, 8.467915058135986, 8.501909732818604, 8.658777713775635, 8.77079463005066, 8.843366384506226, 8.86253309249878, 8.878712177276611, 8.925655841827393, 8.966904163360596, 8.975809097290039, 9.004217386245728, 9.009277820587158, 9.019608736038208] seconds
Throughput: 0.1148 requests/second
--------------------------------------------------
Rate: 50
Total Requests: 50
Successful Requests: 50
Failed Requests: 0
Latencies: [16.945618629455566, 16.782713651657104, 16.32687520980835, 16.16928505897522, 16.278786659240723, 16.097406148910522, 16.374525547027588, 15.97535514831543, 16.813815593719482, 16.812549352645874, 16.348211765289307, 16.75225853919983, 16.7578604221344, 16.84212374687195, 16.74984645843506, 16.64222502708435, 16.45253825187683, 16.45282483100891, 16.64795732498169, 17.274892330169678, 17.871551513671875, 17.8299880027771, 17.767760038375854, 17.988266229629517, 18.216212511062622, 18.355478763580322, 18.398471117019653, 18.510188341140747, 19.023367643356323, 18.57900857925415, 19.179643392562866, 19.012879133224487, 19.203763008117676, 19.20409607887268, 19.489326000213623, 19.43455195426941, 19.484530925750732, 18.06024956703186, 19.59134793281555, 19.66882872581482, 22.685658931732178, 22.639666318893433, 22.643800973892212, 22.713542461395264, 22.70218062400818, 22.667690753936768, 22.66043758392334, 22.661311626434326, 22.657849311828613, 22.67066192626953] seconds
Throughput: 0.0536 requests/second
--------------------------------------------------
Rate: 100
Total Requests: 100
Successful Requests: 100
Failed Requests: 0
Latencies: [17.5042085647583, 17.520094394683838, 17.465491771697998, 17.909484386444092, 17.56915783882141, 17.816896677017212, 18.121944427490234, 17.268075227737427, 17.849047899246216, 17.575798988342285, 17.418991565704346, 17.52361297607422, 17.818719625473022, 17.834978580474854, 17.760317087173462, 17.775421857833862, 18.467372179031372, 18.020264625549316, 19.07138752937317, 19.384622812271118, 18.77991509437561, 19.282397270202637, 19.24070930480957, 19.802427530288696, 19.106616020202637, 19.353305101394653, 17.488517999649048, 19.00344181060791, 19.810875177383423, 19.363572597503662, 16.581870079040527, 19.268712997436523, 19.047667741775513, 18.79315686225891, 19.190945625305176, 19.04403519630432, 19.30842423439026, 19.2038471698761, 19.550305366516113, 19.34404230117798, 42.181358098983765, 42.17240047454834, 42.184518337249756, 42.15846872329712, 34.079076290130615, 42.1666214466095, 42.1273353099823, 42.13971996307373, 42.11579751968384, 42.129319190979004, 42.10783505439758, 42.13573169708252, 42.12761425971985, 42.13972759246826, 42.11839556694031, 42.092212200164795, 42.11044430732727, 42.09039616584778, 42.113871335983276, 42.120248556137085, 42.099719762802124, 42.09058356285095, 42.094279050827026, 42.07769203186035, 42.097617864608765, 42.06118965148926, 42.05216336250305, 42.06659007072449, 42.06043362617493, 42.059927463531494, 42.05859923362732, 42.06395506858826, 42.05295252799988, 42.06951951980591, 42.027623653411865, 42.062803745269775, 42.04953145980835, 42.03537678718567, 42.03501844406128, 45.13449048995972, 42.03996157646179, 42.90161180496216, 45.132341623306274, 45.26730680465698, 45.219468116760254, 45.23275399208069, 45.22647571563721, 45.31676006317139, 45.16610026359558, 45.251588106155396, 45.31448531150818, 45.34848666191101, 45.3777642250061, 45.12352919578552, 45.34998273849487, 45.36134171485901, 45.360207080841064, 45.360249042510986, 45.38569116592407, 45.39066123962402] seconds
Throughput: 0.0301 requests/second
--------------------------------------------------

BATCH 2

Rate: 5
Total Requests: 5
Successful Requests: 5
Failed Requests: 0
Latencies: [1.7945358753204346, 1.1900103092193604, 1.7932326793670654, 1.1880707740783691, 3.0969996452331543] seconds
Throughput: 0.5517 requests/second
--------------------------------------------------
Rate: 10
Total Requests: 10
Successful Requests: 10
Failed Requests: 0
Latencies: [0.6035938262939453, 0.6024298667907715, 1.1043996810913086, 1.102057933807373, 1.802644968032837, 1.79644775390625, 2.2956440448760986, 2.2886266708374023, 2.887040376663208, 2.8855810165405273] seconds
Throughput: 0.5758 requests/second
--------------------------------------------------
Rate: 20
Total Requests: 20
Successful Requests: 20
Failed Requests: 0
Latencies: [0.7015094757080078, 0.7010436058044434, 1.907057762145996, 1.2031612396240234, 1.1995313167572021, 1.8986988067626953, 2.8974344730377197, 2.3900537490844727, 2.388126850128174, 2.8873908519744873, 3.485788345336914, 3.4843053817749023, 3.981781244277954, 3.9739391803741455, 4.476209402084351, 4.471822738647461, 5.478159427642822, 4.974252939224243, 4.967728614807129, 5.462268114089966] seconds
Throughput: 0.3178 requests/second
--------------------------------------------------
Rate: 50
Total Requests: 50
Successful Requests: 50
Failed Requests: 0
Latencies: [0.5994291305541992, 0.5984182357788086, 1.2018051147460938, 1.2013003826141357, 1.69758939743042, 1.695908546447754, 2.1970911026000977, 2.192206621170044, 2.694775104522705, 2.690932035446167, 3.1819255352020264, 3.6847684383392334, 3.1778440475463867, 3.680370330810547, 4.280956983566284, 4.277883529663086, 4.7800514698028564, 5.274973154067993, 4.770486354827881, 5.774103164672852, 5.264457702636719, 5.7668023109436035, 6.267390966415405, 6.260647296905518, 6.7605509757995605, 7.363609075546265, 6.757355690002441, 7.357929706573486, 7.854818105697632, 7.848328351974487, 8.349834203720093, 8.351064205169678, 8.949096918106079, 8.948634386062622, 9.442101955413818, 9.441604614257812, 10.144680976867676, 10.13644027709961, 11.241551160812378, 10.636857271194458, 10.634391069412231, 11.229044198989868, 11.730472087860107, 11.729324340820312, 12.425152778625488, 12.424437761306763, 12.926599979400635, 13.426810264587402, 12.919859886169434, 13.41917610168457] seconds
Throughput: 0.1447 requests/second
--------------------------------------------------
Rate: 100
Total Requests: 100
Successful Requests: 100
Failed Requests: 0
Latencies: [0.6996688842773438, 0.69927978515625, 1.205320119857788, 1.703989028930664, 1.2022972106933594, 2.805525779724121, 1.6987297534942627, 2.1960067749023438, 2.1920254230499268, 3.2905569076538086, 3.7908003330230713, 2.7810842990875244, 3.2816996574401855, 3.777107000350952, 4.280758619308472, 4.280099630355835, 4.77945351600647, 5.776897430419922, 5.27340841293335, 5.270467042922974, 4.767233371734619, 5.769972324371338, 6.865028619766235, 6.360972166061401, 6.862295389175415, 6.359372615814209, 7.365219354629517, 7.358682870864868, 7.85054349899292, 7.849621534347534, 8.348823070526123, 8.852115154266357, 8.347707748413086, 8.847540140151978, 9.952029466629028, 9.338686227798462, 9.942011833190918, 9.336470127105713, 10.437938213348389, 10.43156886100769, 10.931464195251465, 11.533568620681763, 10.929249286651611, 11.528433561325073, 12.128567934036255, 12.117976665496826, 12.619556665420532, 13.221972465515137, 12.61674189567566, 13.218689918518066, 13.714419841766357, 13.711493730545044, 14.214276313781738, 14.808939456939697, 14.204022645950317, 14.805931568145752, 15.411886215209961, 15.406967639923096, 15.90087342262268, 15.901352882385254, 16.50083827972412, 16.494642734527588, 16.994699478149414, 17.495662927627563, 16.99169898033142, 17.487310647964478, 18.08319401741028, 18.08381414413452, 18.580770015716553, 18.576173067092896, 19.081241130828857, 19.077595472335815, 19.57684898376465, 19.575142860412598, 20.073123931884766, 20.07140827178955, 20.568760871887207, 21.06499409675598, 20.560232400894165, 21.057576417922974, 21.556050777435303, 21.55427384376526, 22.153806447982788, 22.657437324523926, 22.14622139930725, 22.649855613708496, 23.148033142089844, 23.144669771194458, 23.644222497940063, 24.146591663360596, 23.640328407287598, 24.138453245162964, 24.638670206069946, 24.634767055511475, 25.1354923248291, 25.13118052482605, 25.729788064956665, 25.725619316101074, 26.226830005645752, 26.22226595878601] seconds
Throughput: 0.0743 requests/second
--------------------------------------------------

BATCH_4

Rate: 5
Total Requests: 5
Successful Requests: 5
Failed Requests: 0
Latencies: [1.2594921588897705, 1.2570383548736572, 1.2599291801452637, 2.6647396087646484, 1.2574610710144043] seconds
Throughput: 0.6495 requests/second
--------------------------------------------------
Rate: 10
Total Requests: 10
Successful Requests: 10
Failed Requests: 0
Latencies: [0.9065709114074707, 0.9024307727813721, 0.9013540744781494, 0.9044322967529297, 1.703827142715454, 1.6960952281951904, 1.691244125366211, 1.686891794204712, 3.1901471614837646, 3.186624765396118] seconds
Throughput: 0.5963 requests/second
--------------------------------------------------
Rate: 20
Total Requests: 20
Successful Requests: 20
Failed Requests: 0
Latencies: [0.9053471088409424, 0.9031527042388916, 0.903872013092041, 1.704329013824463, 0.8960635662078857, 1.6998915672302246, 1.6974213123321533, 1.690927267074585, 2.4925076961517334, 2.491257429122925, 2.486642360687256, 3.182957172393799, 2.4800796508789062, 3.1794795989990234, 3.174828052520752, 3.173553943634033, 3.9711291790008545, 3.9733951091766357, 3.9706788063049316, 3.9683732986450195] seconds
Throughput: 0.4086 requests/second
--------------------------------------------------
Rate: 50
Total Requests: 50
Successful Requests: 50
Failed Requests: 0
Latencies: [0.904435396194458, 0.9035370349884033, 0.9013495445251465, 1.7044920921325684, 0.9022583961486816, 1.703920602798462, 1.6947062015533447, 1.689662218093872, 2.494396686553955, 2.496936082839966, 2.485708236694336, 2.484076499938965, 3.2814249992370605, 3.2756896018981934, 3.2776594161987305, 3.2749335765838623, 4.180254220962524, 4.180771112442017, 4.179859638214111, 4.177889347076416, 5.068187475204468, 5.069250822067261, 5.06913685798645, 5.065330743789673, 5.856265544891357, 6.761844873428345, 6.759181261062622, 5.854999780654907, 5.85493803024292, 6.759523391723633, 5.849214315414429, 7.6411848068237305, 7.639842748641968, 7.640728950500488, 7.63992714881897, 6.731423854827881, 8.427845478057861, 8.424921989440918, 8.427849292755127, 8.426204919815063, 9.222380638122559, 9.222814321517944, 9.22169017791748, 9.216254949569702, 10.012488842010498, 10.010596990585327, 10.009125709533691, 10.010303258895874, 11.509603500366211, 11.51062560081482] seconds
Throughput: 0.1754 requests/second
--------------------------------------------------
Rate: 100
Total Requests: 100
Successful Requests: 100
Failed Requests: 0
Latencies: [1.0028619766235352, 1.0037257671356201, 1.80631685256958, 1.80775785446167, 1.00004243850708, 0.9986724853515625, 1.8014030456542969, 1.7992024421691895, 2.4981327056884766, 2.489777088165283, 3.2951178550720215, 2.4830877780914307, 2.481297492980957, 3.2850351333618164, 3.2775535583496094, 3.278082847595215, 4.076745271682739, 4.0731916427612305, 4.073439359664917, 4.068477153778076, 4.866795539855957, 5.669070720672607, 4.866960048675537, 4.866235017776489, 4.862001419067383, 5.668599843978882, 5.656378746032715, 5.653575897216797, 6.455219745635986, 6.4491963386535645, 6.447862148284912, 6.4418699741363525, 7.246453762054443, 7.241885423660278, 7.236448526382446, 7.233411550521851, 8.029871463775635, 8.029522180557251, 8.031196117401123, 8.932296514511108, 8.022903442382812, 8.9241042137146, 8.921800136566162, 8.917585611343384, 9.71784234046936, 9.71150827407837, 9.71525239944458, 9.70614242553711, 10.6128089427948, 10.609325647354126, 10.601332426071167, 10.600718021392822, 11.400632619857788, 11.403662919998169, 11.3924081325531, 11.389967441558838, 12.297057628631592, 12.296436309814453, 12.289105415344238, 13.086621761322021, 12.278405904769897, 13.078064918518066, 13.07689905166626, 13.070173025131226, 13.972015142440796, 13.970553159713745, 13.970102787017822, 13.966336011886597, 14.664884328842163, 14.662279844284058, 14.66185736656189, 15.562490940093994, 14.656461000442505, 15.555351972579956, 15.550465822219849, 15.545864820480347, 16.34730815887451, 16.346612215042114, 16.341511726379395, 17.143267393112183, 16.337440967559814, 17.137390613555908, 17.137999773025513, 17.82887077331543, 17.128247022628784, 17.83065676689148, 17.830177307128906, 18.63010573387146, 17.82084035873413, 18.622870206832886, 18.61645245552063, 18.618012189865112, 19.414515495300293, 19.41353750228882, 19.41085147857666, 19.408300161361694, 20.206440687179565, 20.200392246246338, 20.195427179336548, 20.194916009902954] seconds
Throughput: 0.0945 requests/second
--------------------------------------------------

BATCH_8

Rate: 5
Total Requests: 5
Successful Requests: 5
Failed Requests: 0
Latencies: [2.005513906478882, 2.0038795471191406, 2.004058599472046, 2.003187656402588, 2.003217935562134] seconds
Throughput: 0.4990 requests/second
--------------------------------------------------
Rate: 10
Total Requests: 10
Successful Requests: 10
Failed Requests: 0
Latencies: [0.7024426460266113, 0.7013602256774902, 0.7009227275848389, 0.7002153396606445, 0.6996204853057861, 0.6994974613189697, 0.6954548358917236, 2.0014123916625977, 0.6945748329162598, 1.997898817062378] seconds
Throughput: 1.0424 requests/second
--------------------------------------------------
Rate: 20
Total Requests: 20
Successful Requests: 20
Failed Requests: 0
Latencies: [0.6033797264099121, 0.6009616851806641, 0.6017665863037109, 0.6012892723083496, 0.6000192165374756, 0.6006743907928467, 0.59759521484375, 0.5967667102813721, 1.2996532917022705, 1.2984509468078613, 1.2971112728118896, 1.2940704822540283, 1.2939152717590332, 1.2924504280090332, 1.2914893627166748, 1.2881271839141846, 2.6948094367980957, 2.6898248195648193, 2.6868715286254883, 2.6855835914611816] seconds
Throughput: 0.7718 requests/second
--------------------------------------------------
Rate: 50
Total Requests: 50
Successful Requests: 50
Failed Requests: 0
Latencies: [0.7012820243835449, 0.7008814811706543, 0.7013065814971924, 0.6993002891540527, 0.6984953880310059, 0.6980586051940918, 0.6999750137329102, 0.6957149505615234, 1.2967517375946045, 1.2966294288635254, 1.2994661331176758, 1.294238567352295, 1.2946670055389404, 1.2922513484954834, 1.29197096824646, 1.2888209819793701, 1.790452241897583, 1.7930591106414795, 1.789048433303833, 1.7881901264190674, 1.782966136932373, 1.7843141555786133, 1.7836980819702148, 1.783203363418579, 2.2828967571258545, 2.2821719646453857, 2.281677007675171, 2.280707359313965, 2.2809951305389404, 2.2765085697174072, 2.2755632400512695, 2.2727742195129395, 2.877751588821411, 2.8733205795288086, 2.8728575706481934, 2.8747990131378174, 2.8691534996032715, 2.867771863937378, 2.8658552169799805, 2.864136219024658, 3.363124132156372, 3.3603808879852295, 3.3594553470611572, 3.359304428100586, 3.357189178466797, 3.3554153442382812, 3.3527495861053467, 3.351696491241455, 4.655773162841797, 4.654758930206299] seconds
Throughput: 0.4646 requests/second
--------------------------------------------------
Rate: 100
Total Requests: 100
Successful Requests: 100
Failed Requests: 0
Latencies: [0.703761100769043, 0.7033562660217285, 0.706719160079956, 0.7018561363220215, 0.7009987831115723, 0.7009837627410889, 1.3047356605529785, 0.6989283561706543, 0.6977717876434326, 1.3014726638793945, 1.3011658191680908, 1.2990827560424805, 1.299041748046875, 1.298048496246338, 1.2984130382537842, 1.2949726581573486, 1.7940483093261719, 1.7933504581451416, 1.79225492477417, 1.794381856918335, 1.7872424125671387, 1.7867457866668701, 1.7845652103424072, 1.7837886810302734, 2.3841614723205566, 2.382791519165039, 2.3821637630462646, 2.380970001220703, 2.380060911178589, 2.379019021987915, 2.3789587020874023, 2.3775627613067627, 2.8765709400177, 2.8741438388824463, 2.872147560119629, 2.8689982891082764, 2.8685145378112793, 2.867006540298462, 2.8678348064422607, 2.864710569381714, 3.4679925441741943, 3.466904640197754, 3.4654715061187744, 3.4646544456481934, 3.4662914276123047, 3.463045835494995, 3.4595022201538086, 3.458111047744751, 3.957674980163574, 3.9601895809173584, 3.9567835330963135, 3.958092212677002, 3.9507057666778564, 3.951180934906006, 3.9484643936157227, 3.944380760192871, 4.445886611938477, 4.444536447525024, 4.445776462554932, 4.446572303771973, 4.441509246826172, 4.436234474182129, 4.4363768100738525, 4.4355244636535645, 4.934560298919678, 4.932788133621216, 4.930554628372192, 4.928258180618286, 4.927270412445068, 4.9257872104644775, 4.925082445144653, 5.6281421184539795, 5.6251935958862305, 4.91958212852478, 5.623186826705933, 5.619758129119873, 5.618579864501953, 5.619624614715576, 5.616462230682373, 5.614818572998047, 6.011602878570557, 6.009275436401367, 6.00792670249939, 6.006478548049927, 6.004785776138306, 6.005018711090088, 6.00375771522522, 5.998849153518677, 6.598677396774292, 6.597738742828369, 6.59891676902771, 6.594026803970337, 6.592607259750366, 6.591189861297607, 6.589354991912842, 7.893571138381958, 6.58361291885376, 7.885267019271851, 7.88336443901062, 7.880850791931152] seconds
Throughput: 0.2605 requests/second
--------------------------------------------------

BATCH_16

(rag) [uhtred]s2737029: python test.py 
Rate: 5
Total Requests: 5
Successful Requests: 5
Failed Requests: 0
Latencies: [2.402355909347534, 2.4026284217834473, 2.4020047187805176, 2.401566982269287, 2.4010744094848633] seconds
Throughput: 0.4163 requests/second
--------------------------------------------------
Rate: 10
Total Requests: 10
Successful Requests: 10
Failed Requests: 0
Latencies: [2.803743600845337, 2.812434673309326, 2.81207537651062, 2.8079588413238525, 2.804396152496338, 2.809917449951172, 2.8011319637298584, 2.7992703914642334, 2.793600082397461, 2.7891926765441895] seconds
Throughput: 0.3567 requests/second
--------------------------------------------------
Rate: 20
Total Requests: 20
Successful Requests: 20
Failed Requests: 0
Latencies: [2.6035993099212646, 2.609299659729004, 2.604492664337158, 2.5997729301452637, 2.6014301776885986, 2.603294849395752, 2.596863269805908, 2.6000494956970215, 2.59397029876709, 2.596954107284546, 2.5909454822540283, 2.5907442569732666, 2.5726683139801025, 2.5766661167144775, 4.370452165603638, 2.5662612915039062, 2.5592613220214844, 4.366719722747803, 4.359685897827148, 4.355350017547607] seconds
Throughput: 0.3395 requests/second
--------------------------------------------------
Rate: 50
Total Requests: 50
Successful Requests: 50
Failed Requests: 0
Latencies: [2.605893611907959, 2.6034421920776367, 2.6059813499450684, 2.6067986488342285, 2.608226776123047, 2.6104753017425537, 2.594431161880493, 2.602356433868408, 2.5940911769866943, 2.5947184562683105, 2.586378335952759, 2.5786492824554443, 2.5888185501098633, 2.5702712535858154, 5.375409364700317, 2.576624631881714, 2.5736496448516846, 5.368980884552002, 5.377687215805054, 5.373610258102417, 5.3684892654418945, 5.353860139846802, 5.353627443313599, 5.364317893981934, 5.350951671600342, 5.345167875289917, 5.344872713088989, 5.342155456542969, 5.341381788253784, 5.334027528762817, 5.335416316986084, 5.327078819274902, 7.927477121353149, 7.926193714141846, 7.939020872116089, 7.932798385620117, 7.930220127105713, 7.912551641464233, 7.915064334869385, 7.919304132461548, 7.9178547859191895, 7.912623882293701, 7.910198926925659, 7.898760557174683, 7.903116703033447, 7.90166711807251, 7.8953564167022705, 7.889739513397217, 9.390708684921265, 9.382462739944458] seconds
Throughput: 0.1834 requests/second
--------------------------------------------------
Rate: 100
Total Requests: 100
Successful Requests: 100
Failed Requests: 0
Latencies: [2.7074520587921143, 2.70711612701416, 2.7082159519195557, 2.7071263790130615, 2.7095799446105957, 2.7100830078125, 2.6933319568634033, 2.7030766010284424, 2.691910743713379, 2.696826696395874, 2.69193172454834, 2.692800283432007, 2.687812328338623, 2.688094139099121, 2.680260419845581, 5.176562070846558, 2.6652450561523438, 5.189696550369263, 5.1742002964019775, 5.182982683181763, 5.1648900508880615, 5.163419008255005, 5.1682257652282715, 5.153535604476929, 5.155868768692017, 5.147097826004028, 5.138193130493164, 5.142964839935303, 5.13465428352356, 5.134415149688721, 7.641986608505249, 5.127963066101074, 7.637444257736206, 5.133423328399658, 7.631831407546997, 7.623518228530884, 7.632160186767578, 7.629812717437744, 7.619723081588745, 7.617281675338745, 7.619415521621704, 7.612999200820923, 7.613293886184692, 7.609239816665649, 7.600722789764404, 7.602433919906616, 7.597034215927124, 10.290998935699463, 7.592703580856323, 10.291810274124146, 10.286120176315308, 10.297040224075317, 10.278442859649658, 10.28923487663269, 10.285626411437988, 10.273039817810059, 10.277666568756104, 10.266220092773438, 10.274336576461792, 10.271378517150879, 10.263948678970337, 10.258132219314575, 10.253860235214233, 10.25836181640625, 12.95419430732727, 12.949891328811646, 12.960699558258057, 12.944198608398438, 12.944080352783203, 12.951212167739868, 12.93816590309143, 12.948609828948975, 12.943409204483032, 12.938599586486816, 12.933138608932495, 12.930435419082642, 12.933400630950928, 12.929795742034912, 12.916833400726318, 12.921434164047241, 15.518111944198608, 15.512710332870483, 15.519374370574951, 15.512035608291626, 15.515755414962769, 15.503493785858154, 15.504775285720825, 15.502456426620483, 15.504360675811768, 15.498620510101318, 15.501088619232178, 15.489441394805908, 15.491338729858398, 15.491669178009033, 15.488341331481934, 17.18655800819397, 15.473782062530518, 17.173794507980347, 17.17577815055847, 17.17059898376465] seconds
Throughput: 0.1069 requests/second
--------------------------------------------------